[INFO ] 2017-08-11 12:32:06,832 --main-- [com.dtyunxi.dtplatform.Application] Starting Application on DESKTOP-881OT1L with PID 8224 (C:\Users\Administrator\Desktop\tanjie\git\springboot-vertificationcode\target\classes started by Administrator in C:\Users\Administrator\Desktop\tanjie\git\springboot-vertificationcode) 
[INFO ] 2017-08-11 12:32:06,835 --main-- [com.dtyunxi.dtplatform.Application] No active profile set, falling back to default profiles: default 
[INFO ] 2017-08-11 12:32:06,891 --main-- [org.springframework.boot.context.embedded.AnnotationConfigEmbeddedWebApplicationContext] Refreshing org.springframework.boot.context.embedded.AnnotationConfigEmbeddedWebApplicationContext@53ca01a2: startup date [Fri Aug 11 12:32:06 CST 2017]; root of context hierarchy 
[INFO ] 2017-08-11 12:32:07,292 --background-preinit-- [org.hibernate.validator.internal.util.Version] HV000001: Hibernate Validator 5.3.5.Final 
[INFO ] 2017-08-11 12:32:07,710 --main-- [org.springframework.beans.factory.xml.XmlBeanDefinitionReader] Loading XML bean definitions from class path resource [spring/spring-captcha.xml] 
[WARN ] 2017-08-11 12:32:08,070 --main-- [org.mybatis.spring.mapper.ClassPathMapperScanner] No MyBatis mapper was found in '[com.dtyunxi.dtplatform]' package. Please check your configuration. 
[WARN ] 2017-08-11 12:32:08,131 --main-- [org.springframework.context.annotation.ConfigurationClassPostProcessor] Cannot enhance @Configuration bean definition 'myBatisMapperScannerConfig' since its singleton instance has been created too early. The typical cause is a non-static @Bean method with a BeanDefinitionRegistryPostProcessor return type: Consider declaring such methods as 'static'. 
[ERROR] 2017-08-11 12:32:08,622 --main-- [com.alibaba.druid.pool.DruidAbstractDataSource] maxIdle is deprecated 
[INFO ] 2017-08-11 12:32:09,376 --main-- [org.springframework.boot.context.embedded.tomcat.TomcatEmbeddedServletContainer] Tomcat initialized with port(s): 8080 (http) 
[INFO ] 2017-08-11 12:32:09,388 --main-- [org.apache.catalina.core.StandardService] Starting service [Tomcat] 
[INFO ] 2017-08-11 12:32:09,389 --main-- [org.apache.catalina.core.StandardEngine] Starting Servlet Engine: Apache Tomcat/8.5.15 
[INFO ] 2017-08-11 12:32:09,523 --localhost-startStop-1-- [org.apache.catalina.core.ContainerBase.[Tomcat].[localhost].[/]] Initializing Spring embedded WebApplicationContext 
[INFO ] 2017-08-11 12:32:09,524 --localhost-startStop-1-- [org.springframework.web.context.ContextLoader] Root WebApplicationContext: initialization completed in 2633 ms 
[INFO ] 2017-08-11 12:32:09,715 --localhost-startStop-1-- [org.springframework.boot.web.servlet.ServletRegistrationBean] Mapping servlet: 'dispatcherServlet' to [/] 
[INFO ] 2017-08-11 12:32:09,721 --localhost-startStop-1-- [org.springframework.boot.web.servlet.FilterRegistrationBean] Mapping filter: 'characterEncodingFilter' to: [/*] 
[INFO ] 2017-08-11 12:32:09,722 --localhost-startStop-1-- [org.springframework.boot.web.servlet.FilterRegistrationBean] Mapping filter: 'hiddenHttpMethodFilter' to: [/*] 
[INFO ] 2017-08-11 12:32:09,722 --localhost-startStop-1-- [org.springframework.boot.web.servlet.FilterRegistrationBean] Mapping filter: 'httpPutFormContentFilter' to: [/*] 
[INFO ] 2017-08-11 12:32:09,722 --localhost-startStop-1-- [org.springframework.boot.web.servlet.FilterRegistrationBean] Mapping filter: 'requestContextFilter' to: [/*] 
[INFO ] 2017-08-11 12:32:10,624 --main-- [org.springframework.web.servlet.mvc.method.annotation.RequestMappingHandlerAdapter] Looking for @ControllerAdvice: org.springframework.boot.context.embedded.AnnotationConfigEmbeddedWebApplicationContext@53ca01a2: startup date [Fri Aug 11 12:32:06 CST 2017]; root of context hierarchy 
[INFO ] 2017-08-11 12:32:10,702 --main-- [org.springframework.web.servlet.mvc.method.annotation.RequestMappingHandlerMapping] Mapped "{[/captcha]}" onto public void com.dtyunxi.dtplatform.rest.JcaptchaImageCreater.handleRequest(javax.servlet.http.HttpServletRequest,javax.servlet.http.HttpServletResponse) 
[INFO ] 2017-08-11 12:32:10,706 --main-- [org.springframework.web.servlet.mvc.method.annotation.RequestMappingHandlerMapping] Mapped "{[/api/v1/user/personal]}" onto public org.springframework.web.servlet.ModelAndView com.dtyunxi.dtplatform.rest.LoginController.index(java.lang.String,java.lang.String) throws java.lang.Exception 
[INFO ] 2017-08-11 12:32:10,706 --main-- [org.springframework.web.servlet.mvc.method.annotation.RequestMappingHandlerMapping] Mapped "{[/api/v1/user/checkCaptcha]}" onto public int com.dtyunxi.dtplatform.rest.LoginController.checkCaptcha(java.lang.String,javax.servlet.http.HttpServletRequest) throws java.lang.Exception 
[INFO ] 2017-08-11 12:32:10,706 --main-- [org.springframework.web.servlet.mvc.method.annotation.RequestMappingHandlerMapping] Mapped "{[/api/v1/user/checkEmail]}" onto public int com.dtyunxi.dtplatform.rest.LoginController.checkEmail(java.lang.String) throws java.lang.Exception 
[INFO ] 2017-08-11 12:32:10,707 --main-- [org.springframework.web.servlet.mvc.method.annotation.RequestMappingHandlerMapping] Mapped "{[/api/v1/user/checkUser]}" onto public int com.dtyunxi.dtplatform.rest.LoginController.checkUser(java.lang.String) throws java.lang.Exception 
[INFO ] 2017-08-11 12:32:10,708 --main-- [org.springframework.web.servlet.mvc.method.annotation.RequestMappingHandlerMapping] Mapped "{[/api/v1/user/login]}" onto public com.dtyunxi.dtplatform.common.RestResponse com.dtyunxi.dtplatform.rest.LoginController.doAdd(java.lang.String,java.lang.String,java.lang.String,javax.servlet.http.HttpServletRequest) throws java.lang.Exception 
[INFO ] 2017-08-11 12:32:10,712 --main-- [org.springframework.web.servlet.mvc.method.annotation.RequestMappingHandlerMapping] Mapped "{[/error]}" onto public org.springframework.http.ResponseEntity<java.util.Map<java.lang.String, java.lang.Object>> org.springframework.boot.autoconfigure.web.BasicErrorController.error(javax.servlet.http.HttpServletRequest) 
[INFO ] 2017-08-11 12:32:10,712 --main-- [org.springframework.web.servlet.mvc.method.annotation.RequestMappingHandlerMapping] Mapped "{[/error],produces=[text/html]}" onto public org.springframework.web.servlet.ModelAndView org.springframework.boot.autoconfigure.web.BasicErrorController.errorHtml(javax.servlet.http.HttpServletRequest,javax.servlet.http.HttpServletResponse) 
[INFO ] 2017-08-11 12:32:10,749 --main-- [org.springframework.web.servlet.handler.SimpleUrlHandlerMapping] Mapped URL path [/webjars/**] onto handler of type [class org.springframework.web.servlet.resource.ResourceHttpRequestHandler] 
[INFO ] 2017-08-11 12:32:10,749 --main-- [org.springframework.web.servlet.handler.SimpleUrlHandlerMapping] Mapped URL path [/**] onto handler of type [class org.springframework.web.servlet.resource.ResourceHttpRequestHandler] 
[INFO ] 2017-08-11 12:32:10,800 --main-- [org.springframework.web.servlet.handler.SimpleUrlHandlerMapping] Mapped URL path [/**/favicon.ico] onto handler of type [class org.springframework.web.servlet.resource.ResourceHttpRequestHandler] 
[INFO ] 2017-08-11 12:32:11,139 --main-- [org.springframework.jmx.export.annotation.AnnotationMBeanExporter] Registering beans for JMX exposure on startup 
[INFO ] 2017-08-11 12:32:11,140 --main-- [org.springframework.jmx.export.annotation.AnnotationMBeanExporter] Bean with name 'dataSource' has been autodetected for JMX exposure 
[INFO ] 2017-08-11 12:32:11,141 --main-- [org.springframework.jmx.export.annotation.AnnotationMBeanExporter] Bean with name 'captchaService' has been autodetected for JMX exposure 
[INFO ] 2017-08-11 12:32:11,147 --main-- [org.springframework.jmx.export.annotation.AnnotationMBeanExporter] Located MBean 'dataSource': registering with JMX server as MBean [com.alibaba.druid.pool:name=dataSource,type=DruidDataSource] 
[INFO ] 2017-08-11 12:32:11,183 --main-- [org.apache.coyote.http11.Http11NioProtocol] Initializing ProtocolHandler ["http-nio-8080"] 
[INFO ] 2017-08-11 12:32:11,197 --main-- [org.apache.coyote.http11.Http11NioProtocol] Starting ProtocolHandler ["http-nio-8080"] 
[INFO ] 2017-08-11 12:32:11,210 --main-- [org.apache.tomcat.util.net.NioSelectorPool] Using a shared selector for servlet write/read 
[INFO ] 2017-08-11 12:32:11,238 --main-- [org.springframework.boot.context.embedded.tomcat.TomcatEmbeddedServletContainer] Tomcat started on port(s): 8080 (http) 
[INFO ] 2017-08-11 12:32:11,254 --main-- [com.dtyunxi.dtplatform.Application] Started Application in 4.731 seconds (JVM running for 5.316) 
[INFO ] 2017-08-11 12:33:50,509 --http-nio-8080-exec-1-- [org.apache.catalina.core.ContainerBase.[Tomcat].[localhost].[/]] Initializing Spring FrameworkServlet 'dispatcherServlet' 
[INFO ] 2017-08-11 12:33:50,509 --http-nio-8080-exec-1-- [org.springframework.web.servlet.DispatcherServlet] FrameworkServlet 'dispatcherServlet': initialization started 
[INFO ] 2017-08-11 12:33:50,530 --http-nio-8080-exec-1-- [org.springframework.web.servlet.DispatcherServlet] FrameworkServlet 'dispatcherServlet': initialization completed in 21 ms 
[ERROR] 2017-08-11 12:33:50,573 --http-nio-8080-exec-1-- [org.apache.catalina.core.ContainerBase.[Tomcat].[localhost].[/].[dispatcherServlet]] Servlet.service() for servlet [dispatcherServlet] in context with path [] threw exception [Request processing failed; nested exception is com.octo.captcha.service.CaptchaServiceException: Invalid ID, could not validate unexisting or already validated captcha] with root cause 
com.octo.captcha.service.CaptchaServiceException: Invalid ID, could not validate unexisting or already validated captcha
	at com.dtyunxi.dtplatform.service.impl.CustomGenericManageableCaptchaService.validateResponseForID(CustomGenericManageableCaptchaService.java:45)
	at com.dtyunxi.dtplatform.rest.LoginController.doAdd(LoginController.java:30)
	at sun.reflect.NativeMethodAccessorImpl.invoke0(Native Method)
	at sun.reflect.NativeMethodAccessorImpl.invoke(NativeMethodAccessorImpl.java:62)
	at sun.reflect.DelegatingMethodAccessorImpl.invoke(DelegatingMethodAccessorImpl.java:43)
	at java.lang.reflect.Method.invoke(Method.java:498)
	at org.springframework.web.method.support.InvocableHandlerMethod.doInvoke(InvocableHandlerMethod.java:205)
	at org.springframework.web.method.support.InvocableHandlerMethod.invokeForRequest(InvocableHandlerMethod.java:133)
	at org.springframework.web.servlet.mvc.method.annotation.ServletInvocableHandlerMethod.invokeAndHandle(ServletInvocableHandlerMethod.java:97)
	at org.springframework.web.servlet.mvc.method.annotation.RequestMappingHandlerAdapter.invokeHandlerMethod(RequestMappingHandlerAdapter.java:827)
	at org.springframework.web.servlet.mvc.method.annotation.RequestMappingHandlerAdapter.handleInternal(RequestMappingHandlerAdapter.java:738)
	at org.springframework.web.servlet.mvc.method.AbstractHandlerMethodAdapter.handle(AbstractHandlerMethodAdapter.java:85)
	at org.springframework.web.servlet.DispatcherServlet.doDispatch(DispatcherServlet.java:967)
	at org.springframework.web.servlet.DispatcherServlet.doService(DispatcherServlet.java:901)
	at org.springframework.web.servlet.FrameworkServlet.processRequest(FrameworkServlet.java:970)
	at org.springframework.web.servlet.FrameworkServlet.doGet(FrameworkServlet.java:861)
	at javax.servlet.http.HttpServlet.service(HttpServlet.java:635)
	at org.springframework.web.servlet.FrameworkServlet.service(FrameworkServlet.java:846)
	at javax.servlet.http.HttpServlet.service(HttpServlet.java:742)
	at org.apache.catalina.core.ApplicationFilterChain.internalDoFilter(ApplicationFilterChain.java:231)
	at org.apache.catalina.core.ApplicationFilterChain.doFilter(ApplicationFilterChain.java:166)
	at org.apache.tomcat.websocket.server.WsFilter.doFilter(WsFilter.java:52)
	at org.apache.catalina.core.ApplicationFilterChain.internalDoFilter(ApplicationFilterChain.java:193)
	at org.apache.catalina.core.ApplicationFilterChain.doFilter(ApplicationFilterChain.java:166)
	at org.springframework.web.filter.RequestContextFilter.doFilterInternal(RequestContextFilter.java:99)
	at org.springframework.web.filter.OncePerRequestFilter.doFilter(OncePerRequestFilter.java:107)
	at org.apache.catalina.core.ApplicationFilterChain.internalDoFilter(ApplicationFilterChain.java:193)
	at org.apache.catalina.core.ApplicationFilterChain.doFilter(ApplicationFilterChain.java:166)
	at org.springframework.web.filter.HttpPutFormContentFilter.doFilterInternal(HttpPutFormContentFilter.java:105)
	at org.springframework.web.filter.OncePerRequestFilter.doFilter(OncePerRequestFilter.java:107)
	at org.apache.catalina.core.ApplicationFilterChain.internalDoFilter(ApplicationFilterChain.java:193)
	at org.apache.catalina.core.ApplicationFilterChain.doFilter(ApplicationFilterChain.java:166)
	at org.springframework.web.filter.HiddenHttpMethodFilter.doFilterInternal(HiddenHttpMethodFilter.java:81)
	at org.springframework.web.filter.OncePerRequestFilter.doFilter(OncePerRequestFilter.java:107)
	at org.apache.catalina.core.ApplicationFilterChain.internalDoFilter(ApplicationFilterChain.java:193)
	at org.apache.catalina.core.ApplicationFilterChain.doFilter(ApplicationFilterChain.java:166)
	at org.springframework.web.filter.CharacterEncodingFilter.doFilterInternal(CharacterEncodingFilter.java:197)
	at org.springframework.web.filter.OncePerRequestFilter.doFilter(OncePerRequestFilter.java:107)
	at org.apache.catalina.core.ApplicationFilterChain.internalDoFilter(ApplicationFilterChain.java:193)
	at org.apache.catalina.core.ApplicationFilterChain.doFilter(ApplicationFilterChain.java:166)
	at org.apache.catalina.core.StandardWrapperValve.invoke(StandardWrapperValve.java:198)
	at org.apache.catalina.core.StandardContextValve.invoke(StandardContextValve.java:96)
	at org.apache.catalina.authenticator.AuthenticatorBase.invoke(AuthenticatorBase.java:478)
	at org.apache.catalina.core.StandardHostValve.invoke(StandardHostValve.java:140)
	at org.apache.catalina.valves.ErrorReportValve.invoke(ErrorReportValve.java:80)
	at org.apache.catalina.core.StandardEngineValve.invoke(StandardEngineValve.java:87)
	at org.apache.catalina.connector.CoyoteAdapter.service(CoyoteAdapter.java:342)
	at org.apache.coyote.http11.Http11Processor.service(Http11Processor.java:799)
	at org.apache.coyote.AbstractProcessorLight.process(AbstractProcessorLight.java:66)
	at org.apache.coyote.AbstractProtocol$ConnectionHandler.process(AbstractProtocol.java:861)
	at org.apache.tomcat.util.net.NioEndpoint$SocketProcessor.doRun(NioEndpoint.java:1455)
	at org.apache.tomcat.util.net.SocketProcessorBase.run(SocketProcessorBase.java:49)
	at java.util.concurrent.ThreadPoolExecutor.runWorker(ThreadPoolExecutor.java:1142)
	at java.util.concurrent.ThreadPoolExecutor$Worker.run(ThreadPoolExecutor.java:617)
	at org.apache.tomcat.util.threads.TaskThread$WrappingRunnable.run(TaskThread.java:61)
	at java.lang.Thread.run(Thread.java:745)
[INFO ] 2017-08-11 12:34:03,186 --main-- [com.dtyunxi.dtplatform.Application] Starting Application on DESKTOP-881OT1L with PID 2044 (C:\Users\Administrator\Desktop\tanjie\git\springboot-vertificationcode\target\classes started by Administrator in C:\Users\Administrator\Desktop\tanjie\git\springboot-vertificationcode) 
[INFO ] 2017-08-11 12:34:03,196 --main-- [com.dtyunxi.dtplatform.Application] No active profile set, falling back to default profiles: default 
[INFO ] 2017-08-11 12:34:03,278 --main-- [org.springframework.boot.context.embedded.AnnotationConfigEmbeddedWebApplicationContext] Refreshing org.springframework.boot.context.embedded.AnnotationConfigEmbeddedWebApplicationContext@45efd90f: startup date [Fri Aug 11 12:34:03 CST 2017]; root of context hierarchy 
[INFO ] 2017-08-11 12:34:03,706 --background-preinit-- [org.hibernate.validator.internal.util.Version] HV000001: Hibernate Validator 5.3.5.Final 
[INFO ] 2017-08-11 12:34:04,115 --main-- [org.springframework.beans.factory.xml.XmlBeanDefinitionReader] Loading XML bean definitions from class path resource [spring/spring-captcha.xml] 
[WARN ] 2017-08-11 12:34:04,525 --main-- [org.mybatis.spring.mapper.ClassPathMapperScanner] No MyBatis mapper was found in '[com.dtyunxi.dtplatform]' package. Please check your configuration. 
[WARN ] 2017-08-11 12:34:04,594 --main-- [org.springframework.context.annotation.ConfigurationClassPostProcessor] Cannot enhance @Configuration bean definition 'myBatisMapperScannerConfig' since its singleton instance has been created too early. The typical cause is a non-static @Bean method with a BeanDefinitionRegistryPostProcessor return type: Consider declaring such methods as 'static'. 
[ERROR] 2017-08-11 12:34:05,193 --main-- [com.alibaba.druid.pool.DruidAbstractDataSource] maxIdle is deprecated 
[INFO ] 2017-08-11 12:34:05,961 --main-- [org.springframework.boot.context.embedded.tomcat.TomcatEmbeddedServletContainer] Tomcat initialized with port(s): 8080 (http) 
[INFO ] 2017-08-11 12:34:05,981 --main-- [org.apache.catalina.core.StandardService] Starting service [Tomcat] 
[INFO ] 2017-08-11 12:34:05,982 --main-- [org.apache.catalina.core.StandardEngine] Starting Servlet Engine: Apache Tomcat/8.5.15 
[INFO ] 2017-08-11 12:34:06,166 --localhost-startStop-1-- [org.apache.catalina.core.ContainerBase.[Tomcat].[localhost].[/]] Initializing Spring embedded WebApplicationContext 
[INFO ] 2017-08-11 12:34:06,166 --localhost-startStop-1-- [org.springframework.web.context.ContextLoader] Root WebApplicationContext: initialization completed in 2888 ms 
[INFO ] 2017-08-11 12:34:06,415 --localhost-startStop-1-- [org.springframework.boot.web.servlet.ServletRegistrationBean] Mapping servlet: 'dispatcherServlet' to [/] 
[INFO ] 2017-08-11 12:34:06,422 --localhost-startStop-1-- [org.springframework.boot.web.servlet.FilterRegistrationBean] Mapping filter: 'characterEncodingFilter' to: [/*] 
[INFO ] 2017-08-11 12:34:06,422 --localhost-startStop-1-- [org.springframework.boot.web.servlet.FilterRegistrationBean] Mapping filter: 'hiddenHttpMethodFilter' to: [/*] 
[INFO ] 2017-08-11 12:34:06,422 --localhost-startStop-1-- [org.springframework.boot.web.servlet.FilterRegistrationBean] Mapping filter: 'httpPutFormContentFilter' to: [/*] 
[INFO ] 2017-08-11 12:34:06,422 --localhost-startStop-1-- [org.springframework.boot.web.servlet.FilterRegistrationBean] Mapping filter: 'requestContextFilter' to: [/*] 
[INFO ] 2017-08-11 12:34:07,565 --main-- [org.springframework.web.servlet.mvc.method.annotation.RequestMappingHandlerAdapter] Looking for @ControllerAdvice: org.springframework.boot.context.embedded.AnnotationConfigEmbeddedWebApplicationContext@45efd90f: startup date [Fri Aug 11 12:34:03 CST 2017]; root of context hierarchy 
[INFO ] 2017-08-11 12:34:07,669 --main-- [org.springframework.web.servlet.mvc.method.annotation.RequestMappingHandlerMapping] Mapped "{[/captcha]}" onto public void com.dtyunxi.dtplatform.rest.JcaptchaImageCreater.handleRequest(javax.servlet.http.HttpServletRequest,javax.servlet.http.HttpServletResponse) 
[INFO ] 2017-08-11 12:34:07,673 --main-- [org.springframework.web.servlet.mvc.method.annotation.RequestMappingHandlerMapping] Mapped "{[/api/v1/user/personal]}" onto public org.springframework.web.servlet.ModelAndView com.dtyunxi.dtplatform.rest.LoginController.index(java.lang.String,java.lang.String) throws java.lang.Exception 
[INFO ] 2017-08-11 12:34:07,674 --main-- [org.springframework.web.servlet.mvc.method.annotation.RequestMappingHandlerMapping] Mapped "{[/api/v1/user/login]}" onto public com.dtyunxi.dtplatform.common.RestResponse com.dtyunxi.dtplatform.rest.LoginController.doAdd(java.lang.String,java.lang.String,java.lang.String,javax.servlet.http.HttpServletRequest) throws java.lang.Exception 
[INFO ] 2017-08-11 12:34:07,674 --main-- [org.springframework.web.servlet.mvc.method.annotation.RequestMappingHandlerMapping] Mapped "{[/api/v1/user/checkEmail]}" onto public int com.dtyunxi.dtplatform.rest.LoginController.checkEmail(java.lang.String) throws java.lang.Exception 
[INFO ] 2017-08-11 12:34:07,674 --main-- [org.springframework.web.servlet.mvc.method.annotation.RequestMappingHandlerMapping] Mapped "{[/api/v1/user/checkUser]}" onto public int com.dtyunxi.dtplatform.rest.LoginController.checkUser(java.lang.String) throws java.lang.Exception 
[INFO ] 2017-08-11 12:34:07,675 --main-- [org.springframework.web.servlet.mvc.method.annotation.RequestMappingHandlerMapping] Mapped "{[/api/v1/user/checkCaptcha]}" onto public int com.dtyunxi.dtplatform.rest.LoginController.checkCaptcha(java.lang.String,javax.servlet.http.HttpServletRequest) throws java.lang.Exception 
[INFO ] 2017-08-11 12:34:07,678 --main-- [org.springframework.web.servlet.mvc.method.annotation.RequestMappingHandlerMapping] Mapped "{[/error]}" onto public org.springframework.http.ResponseEntity<java.util.Map<java.lang.String, java.lang.Object>> org.springframework.boot.autoconfigure.web.BasicErrorController.error(javax.servlet.http.HttpServletRequest) 
[INFO ] 2017-08-11 12:34:07,678 --main-- [org.springframework.web.servlet.mvc.method.annotation.RequestMappingHandlerMapping] Mapped "{[/error],produces=[text/html]}" onto public org.springframework.web.servlet.ModelAndView org.springframework.boot.autoconfigure.web.BasicErrorController.errorHtml(javax.servlet.http.HttpServletRequest,javax.servlet.http.HttpServletResponse) 
[INFO ] 2017-08-11 12:34:07,743 --main-- [org.springframework.web.servlet.handler.SimpleUrlHandlerMapping] Mapped URL path [/webjars/**] onto handler of type [class org.springframework.web.servlet.resource.ResourceHttpRequestHandler] 
[INFO ] 2017-08-11 12:34:07,743 --main-- [org.springframework.web.servlet.handler.SimpleUrlHandlerMapping] Mapped URL path [/**] onto handler of type [class org.springframework.web.servlet.resource.ResourceHttpRequestHandler] 
[INFO ] 2017-08-11 12:34:07,817 --main-- [org.springframework.web.servlet.handler.SimpleUrlHandlerMapping] Mapped URL path [/**/favicon.ico] onto handler of type [class org.springframework.web.servlet.resource.ResourceHttpRequestHandler] 
[INFO ] 2017-08-11 12:34:08,534 --main-- [org.springframework.jmx.export.annotation.AnnotationMBeanExporter] Registering beans for JMX exposure on startup 
[INFO ] 2017-08-11 12:34:08,535 --main-- [org.springframework.jmx.export.annotation.AnnotationMBeanExporter] Bean with name 'dataSource' has been autodetected for JMX exposure 
[INFO ] 2017-08-11 12:34:08,536 --main-- [org.springframework.jmx.export.annotation.AnnotationMBeanExporter] Bean with name 'captchaService' has been autodetected for JMX exposure 
[INFO ] 2017-08-11 12:34:08,543 --main-- [org.springframework.jmx.export.annotation.AnnotationMBeanExporter] Located MBean 'dataSource': registering with JMX server as MBean [com.alibaba.druid.pool:name=dataSource,type=DruidDataSource] 
[INFO ] 2017-08-11 12:34:08,582 --main-- [org.apache.coyote.http11.Http11NioProtocol] Initializing ProtocolHandler ["http-nio-8080"] 
[INFO ] 2017-08-11 12:34:08,602 --main-- [org.apache.coyote.http11.Http11NioProtocol] Starting ProtocolHandler ["http-nio-8080"] 
[INFO ] 2017-08-11 12:34:08,618 --main-- [org.apache.tomcat.util.net.NioSelectorPool] Using a shared selector for servlet write/read 
[INFO ] 2017-08-11 12:34:08,683 --main-- [org.springframework.boot.context.embedded.tomcat.TomcatEmbeddedServletContainer] Tomcat started on port(s): 8080 (http) 
[INFO ] 2017-08-11 12:34:08,694 --main-- [com.dtyunxi.dtplatform.Application] Started Application in 5.874 seconds (JVM running for 6.746) 
[INFO ] 2017-08-11 12:34:21,645 --http-nio-8080-exec-1-- [org.apache.catalina.core.ContainerBase.[Tomcat].[localhost].[/]] Initializing Spring FrameworkServlet 'dispatcherServlet' 
[INFO ] 2017-08-11 12:34:21,645 --http-nio-8080-exec-1-- [org.springframework.web.servlet.DispatcherServlet] FrameworkServlet 'dispatcherServlet': initialization started 
[INFO ] 2017-08-11 12:34:21,672 --http-nio-8080-exec-1-- [org.springframework.web.servlet.DispatcherServlet] FrameworkServlet 'dispatcherServlet': initialization completed in 27 ms 
[INFO ] 2017-08-11 19:51:28,262 --main-- [com.dtyunxi.dtplatform.Application] Starting Application on DESKTOP-881OT1L with PID 8496 (C:\Users\Administrator\Desktop\tanjie\git\springboot-vertificationcode\target\classes started by Administrator in C:\Users\Administrator\Desktop\tanjie\git\springboot-vertificationcode) 
[INFO ] 2017-08-11 19:51:28,265 --main-- [com.dtyunxi.dtplatform.Application] No active profile set, falling back to default profiles: default 
[INFO ] 2017-08-11 19:51:28,319 --main-- [org.springframework.boot.context.embedded.AnnotationConfigEmbeddedWebApplicationContext] Refreshing org.springframework.boot.context.embedded.AnnotationConfigEmbeddedWebApplicationContext@53ca01a2: startup date [Fri Aug 11 19:51:28 CST 2017]; root of context hierarchy 
[INFO ] 2017-08-11 19:51:28,725 --background-preinit-- [org.hibernate.validator.internal.util.Version] HV000001: Hibernate Validator 5.3.5.Final 
[INFO ] 2017-08-11 19:51:28,980 --main-- [org.springframework.beans.factory.xml.XmlBeanDefinitionReader] Loading XML bean definitions from class path resource [spring/spring-captcha.xml] 
[WARN ] 2017-08-11 19:51:29,277 --main-- [org.mybatis.spring.mapper.ClassPathMapperScanner] No MyBatis mapper was found in '[com.dtyunxi.dtplatform]' package. Please check your configuration. 
[WARN ] 2017-08-11 19:51:29,338 --main-- [org.springframework.context.annotation.ConfigurationClassPostProcessor] Cannot enhance @Configuration bean definition 'myBatisMapperScannerConfig' since its singleton instance has been created too early. The typical cause is a non-static @Bean method with a BeanDefinitionRegistryPostProcessor return type: Consider declaring such methods as 'static'. 
[ERROR] 2017-08-11 19:51:29,805 --main-- [com.alibaba.druid.pool.DruidAbstractDataSource] maxIdle is deprecated 
[INFO ] 2017-08-11 19:51:30,496 --main-- [org.springframework.boot.context.embedded.tomcat.TomcatEmbeddedServletContainer] Tomcat initialized with port(s): 8080 (http) 
[INFO ] 2017-08-11 19:51:30,513 --main-- [org.apache.catalina.core.StandardService] Starting service [Tomcat] 
[INFO ] 2017-08-11 19:51:30,514 --main-- [org.apache.catalina.core.StandardEngine] Starting Servlet Engine: Apache Tomcat/8.5.15 
[INFO ] 2017-08-11 19:51:30,672 --localhost-startStop-1-- [org.apache.catalina.core.ContainerBase.[Tomcat].[localhost].[/]] Initializing Spring embedded WebApplicationContext 
[INFO ] 2017-08-11 19:51:30,673 --localhost-startStop-1-- [org.springframework.web.context.ContextLoader] Root WebApplicationContext: initialization completed in 2355 ms 
[INFO ] 2017-08-11 19:51:30,889 --localhost-startStop-1-- [org.springframework.boot.web.servlet.ServletRegistrationBean] Mapping servlet: 'dispatcherServlet' to [/] 
[INFO ] 2017-08-11 19:51:30,898 --localhost-startStop-1-- [org.springframework.boot.web.servlet.FilterRegistrationBean] Mapping filter: 'characterEncodingFilter' to: [/*] 
[INFO ] 2017-08-11 19:51:30,899 --localhost-startStop-1-- [org.springframework.boot.web.servlet.FilterRegistrationBean] Mapping filter: 'hiddenHttpMethodFilter' to: [/*] 
[INFO ] 2017-08-11 19:51:30,899 --localhost-startStop-1-- [org.springframework.boot.web.servlet.FilterRegistrationBean] Mapping filter: 'httpPutFormContentFilter' to: [/*] 
[INFO ] 2017-08-11 19:51:30,899 --localhost-startStop-1-- [org.springframework.boot.web.servlet.FilterRegistrationBean] Mapping filter: 'requestContextFilter' to: [/*] 
[INFO ] 2017-08-11 19:51:31,988 --main-- [org.springframework.web.servlet.mvc.method.annotation.RequestMappingHandlerAdapter] Looking for @ControllerAdvice: org.springframework.boot.context.embedded.AnnotationConfigEmbeddedWebApplicationContext@53ca01a2: startup date [Fri Aug 11 19:51:28 CST 2017]; root of context hierarchy 
[INFO ] 2017-08-11 19:51:32,074 --main-- [org.springframework.web.servlet.mvc.method.annotation.RequestMappingHandlerMapping] Mapped "{[/captcha]}" onto public void com.dtyunxi.dtplatform.rest.JcaptchaImageCreater.handleRequest(javax.servlet.http.HttpServletRequest,javax.servlet.http.HttpServletResponse) 
[INFO ] 2017-08-11 19:51:32,079 --main-- [org.springframework.web.servlet.mvc.method.annotation.RequestMappingHandlerMapping] Mapped "{[/api/v1/user/personal]}" onto public org.springframework.web.servlet.ModelAndView com.dtyunxi.dtplatform.rest.LoginController.index(java.lang.String,java.lang.String) throws java.lang.Exception 
[INFO ] 2017-08-11 19:51:32,079 --main-- [org.springframework.web.servlet.mvc.method.annotation.RequestMappingHandlerMapping] Mapped "{[/api/v1/user/checkUser]}" onto public int com.dtyunxi.dtplatform.rest.LoginController.checkUser(java.lang.String) throws java.lang.Exception 
[INFO ] 2017-08-11 19:51:32,079 --main-- [org.springframework.web.servlet.mvc.method.annotation.RequestMappingHandlerMapping] Mapped "{[/api/v1/user/login]}" onto public com.dtyunxi.dtplatform.common.RestResponse com.dtyunxi.dtplatform.rest.LoginController.doAdd(java.lang.String,java.lang.String,java.lang.String,javax.servlet.http.HttpServletRequest) throws java.lang.Exception 
[INFO ] 2017-08-11 19:51:32,079 --main-- [org.springframework.web.servlet.mvc.method.annotation.RequestMappingHandlerMapping] Mapped "{[/api/v1/user/checkEmail]}" onto public int com.dtyunxi.dtplatform.rest.LoginController.checkEmail(java.lang.String) throws java.lang.Exception 
[INFO ] 2017-08-11 19:51:32,080 --main-- [org.springframework.web.servlet.mvc.method.annotation.RequestMappingHandlerMapping] Mapped "{[/api/v1/user/checkCaptcha]}" onto public int com.dtyunxi.dtplatform.rest.LoginController.checkCaptcha(java.lang.String,javax.servlet.http.HttpServletRequest) throws java.lang.Exception 
[INFO ] 2017-08-11 19:51:32,085 --main-- [org.springframework.web.servlet.mvc.method.annotation.RequestMappingHandlerMapping] Mapped "{[/error]}" onto public org.springframework.http.ResponseEntity<java.util.Map<java.lang.String, java.lang.Object>> org.springframework.boot.autoconfigure.web.BasicErrorController.error(javax.servlet.http.HttpServletRequest) 
[INFO ] 2017-08-11 19:51:32,085 --main-- [org.springframework.web.servlet.mvc.method.annotation.RequestMappingHandlerMapping] Mapped "{[/error],produces=[text/html]}" onto public org.springframework.web.servlet.ModelAndView org.springframework.boot.autoconfigure.web.BasicErrorController.errorHtml(javax.servlet.http.HttpServletRequest,javax.servlet.http.HttpServletResponse) 
[INFO ] 2017-08-11 19:51:32,127 --main-- [org.springframework.web.servlet.handler.SimpleUrlHandlerMapping] Mapped URL path [/webjars/**] onto handler of type [class org.springframework.web.servlet.resource.ResourceHttpRequestHandler] 
[INFO ] 2017-08-11 19:51:32,127 --main-- [org.springframework.web.servlet.handler.SimpleUrlHandlerMapping] Mapped URL path [/**] onto handler of type [class org.springframework.web.servlet.resource.ResourceHttpRequestHandler] 
[INFO ] 2017-08-11 19:51:32,175 --main-- [org.springframework.web.servlet.handler.SimpleUrlHandlerMapping] Mapped URL path [/**/favicon.ico] onto handler of type [class org.springframework.web.servlet.resource.ResourceHttpRequestHandler] 
[INFO ] 2017-08-11 19:51:32,524 --main-- [org.springframework.jmx.export.annotation.AnnotationMBeanExporter] Registering beans for JMX exposure on startup 
[INFO ] 2017-08-11 19:51:32,525 --main-- [org.springframework.jmx.export.annotation.AnnotationMBeanExporter] Bean with name 'dataSource' has been autodetected for JMX exposure 
[INFO ] 2017-08-11 19:51:32,525 --main-- [org.springframework.jmx.export.annotation.AnnotationMBeanExporter] Bean with name 'captchaService' has been autodetected for JMX exposure 
[INFO ] 2017-08-11 19:51:32,531 --main-- [org.springframework.jmx.export.annotation.AnnotationMBeanExporter] Located MBean 'dataSource': registering with JMX server as MBean [com.alibaba.druid.pool:name=dataSource,type=DruidDataSource] 
[INFO ] 2017-08-11 19:51:32,572 --main-- [org.apache.coyote.http11.Http11NioProtocol] Initializing ProtocolHandler ["http-nio-8080"] 
[INFO ] 2017-08-11 19:51:32,587 --main-- [org.apache.coyote.http11.Http11NioProtocol] Starting ProtocolHandler ["http-nio-8080"] 
[INFO ] 2017-08-11 19:51:32,602 --main-- [org.apache.tomcat.util.net.NioSelectorPool] Using a shared selector for servlet write/read 
[INFO ] 2017-08-11 19:51:32,622 --main-- [org.springframework.boot.context.embedded.tomcat.TomcatEmbeddedServletContainer] Tomcat started on port(s): 8080 (http) 
[INFO ] 2017-08-11 19:51:32,630 --main-- [com.dtyunxi.dtplatform.Application] Started Application in 4.677 seconds (JVM running for 5.258) 
[INFO ] 2017-08-11 19:51:46,559 --http-nio-8080-exec-1-- [org.apache.catalina.core.ContainerBase.[Tomcat].[localhost].[/]] Initializing Spring FrameworkServlet 'dispatcherServlet' 
[INFO ] 2017-08-11 19:51:46,560 --http-nio-8080-exec-1-- [org.springframework.web.servlet.DispatcherServlet] FrameworkServlet 'dispatcherServlet': initialization started 
[INFO ] 2017-08-11 19:51:46,580 --http-nio-8080-exec-1-- [org.springframework.web.servlet.DispatcherServlet] FrameworkServlet 'dispatcherServlet': initialization completed in 20 ms 
[ERROR] 2017-08-11 19:51:46,624 --http-nio-8080-exec-1-- [org.apache.catalina.core.ContainerBase.[Tomcat].[localhost].[/].[dispatcherServlet]] Servlet.service() for servlet [dispatcherServlet] in context with path [] threw exception [Request processing failed; nested exception is com.octo.captcha.service.CaptchaServiceException: Invalid ID, could not validate unexisting or already validated captcha] with root cause 
com.octo.captcha.service.CaptchaServiceException: Invalid ID, could not validate unexisting or already validated captcha
	at com.dtyunxi.dtplatform.service.impl.CustomGenericManageableCaptchaService.validateResponseForID(CustomGenericManageableCaptchaService.java:45)
	at com.dtyunxi.dtplatform.rest.LoginController.doAdd(LoginController.java:30)
	at sun.reflect.NativeMethodAccessorImpl.invoke0(Native Method)
	at sun.reflect.NativeMethodAccessorImpl.invoke(NativeMethodAccessorImpl.java:62)
	at sun.reflect.DelegatingMethodAccessorImpl.invoke(DelegatingMethodAccessorImpl.java:43)
	at java.lang.reflect.Method.invoke(Method.java:498)
	at org.springframework.web.method.support.InvocableHandlerMethod.doInvoke(InvocableHandlerMethod.java:205)
	at org.springframework.web.method.support.InvocableHandlerMethod.invokeForRequest(InvocableHandlerMethod.java:133)
	at org.springframework.web.servlet.mvc.method.annotation.ServletInvocableHandlerMethod.invokeAndHandle(ServletInvocableHandlerMethod.java:97)
	at org.springframework.web.servlet.mvc.method.annotation.RequestMappingHandlerAdapter.invokeHandlerMethod(RequestMappingHandlerAdapter.java:827)
	at org.springframework.web.servlet.mvc.method.annotation.RequestMappingHandlerAdapter.handleInternal(RequestMappingHandlerAdapter.java:738)
	at org.springframework.web.servlet.mvc.method.AbstractHandlerMethodAdapter.handle(AbstractHandlerMethodAdapter.java:85)
	at org.springframework.web.servlet.DispatcherServlet.doDispatch(DispatcherServlet.java:967)
	at org.springframework.web.servlet.DispatcherServlet.doService(DispatcherServlet.java:901)
	at org.springframework.web.servlet.FrameworkServlet.processRequest(FrameworkServlet.java:970)
	at org.springframework.web.servlet.FrameworkServlet.doGet(FrameworkServlet.java:861)
	at javax.servlet.http.HttpServlet.service(HttpServlet.java:635)
	at org.springframework.web.servlet.FrameworkServlet.service(FrameworkServlet.java:846)
	at javax.servlet.http.HttpServlet.service(HttpServlet.java:742)
	at org.apache.catalina.core.ApplicationFilterChain.internalDoFilter(ApplicationFilterChain.java:231)
	at org.apache.catalina.core.ApplicationFilterChain.doFilter(ApplicationFilterChain.java:166)
	at org.apache.tomcat.websocket.server.WsFilter.doFilter(WsFilter.java:52)
	at org.apache.catalina.core.ApplicationFilterChain.internalDoFilter(ApplicationFilterChain.java:193)
	at org.apache.catalina.core.ApplicationFilterChain.doFilter(ApplicationFilterChain.java:166)
	at org.springframework.web.filter.RequestContextFilter.doFilterInternal(RequestContextFilter.java:99)
	at org.springframework.web.filter.OncePerRequestFilter.doFilter(OncePerRequestFilter.java:107)
	at org.apache.catalina.core.ApplicationFilterChain.internalDoFilter(ApplicationFilterChain.java:193)
	at org.apache.catalina.core.ApplicationFilterChain.doFilter(ApplicationFilterChain.java:166)
	at org.springframework.web.filter.HttpPutFormContentFilter.doFilterInternal(HttpPutFormContentFilter.java:105)
	at org.springframework.web.filter.OncePerRequestFilter.doFilter(OncePerRequestFilter.java:107)
	at org.apache.catalina.core.ApplicationFilterChain.internalDoFilter(ApplicationFilterChain.java:193)
	at org.apache.catalina.core.ApplicationFilterChain.doFilter(ApplicationFilterChain.java:166)
	at org.springframework.web.filter.HiddenHttpMethodFilter.doFilterInternal(HiddenHttpMethodFilter.java:81)
	at org.springframework.web.filter.OncePerRequestFilter.doFilter(OncePerRequestFilter.java:107)
	at org.apache.catalina.core.ApplicationFilterChain.internalDoFilter(ApplicationFilterChain.java:193)
	at org.apache.catalina.core.ApplicationFilterChain.doFilter(ApplicationFilterChain.java:166)
	at org.springframework.web.filter.CharacterEncodingFilter.doFilterInternal(CharacterEncodingFilter.java:197)
	at org.springframework.web.filter.OncePerRequestFilter.doFilter(OncePerRequestFilter.java:107)
	at org.apache.catalina.core.ApplicationFilterChain.internalDoFilter(ApplicationFilterChain.java:193)
	at org.apache.catalina.core.ApplicationFilterChain.doFilter(ApplicationFilterChain.java:166)
	at org.apache.catalina.core.StandardWrapperValve.invoke(StandardWrapperValve.java:198)
	at org.apache.catalina.core.StandardContextValve.invoke(StandardContextValve.java:96)
	at org.apache.catalina.authenticator.AuthenticatorBase.invoke(AuthenticatorBase.java:478)
	at org.apache.catalina.core.StandardHostValve.invoke(StandardHostValve.java:140)
	at org.apache.catalina.valves.ErrorReportValve.invoke(ErrorReportValve.java:80)
	at org.apache.catalina.core.StandardEngineValve.invoke(StandardEngineValve.java:87)
	at org.apache.catalina.connector.CoyoteAdapter.service(CoyoteAdapter.java:342)
	at org.apache.coyote.http11.Http11Processor.service(Http11Processor.java:799)
	at org.apache.coyote.AbstractProcessorLight.process(AbstractProcessorLight.java:66)
	at org.apache.coyote.AbstractProtocol$ConnectionHandler.process(AbstractProtocol.java:861)
	at org.apache.tomcat.util.net.NioEndpoint$SocketProcessor.doRun(NioEndpoint.java:1455)
	at org.apache.tomcat.util.net.SocketProcessorBase.run(SocketProcessorBase.java:49)
	at java.util.concurrent.ThreadPoolExecutor.runWorker(ThreadPoolExecutor.java:1142)
	at java.util.concurrent.ThreadPoolExecutor$Worker.run(ThreadPoolExecutor.java:617)
	at org.apache.tomcat.util.threads.TaskThread$WrappingRunnable.run(TaskThread.java:61)
	at java.lang.Thread.run(Thread.java:745)
[INFO ] 2017-08-11 19:52:11,187 --main-- [com.dtyunxi.dtplatform.Application] Starting Application on DESKTOP-881OT1L with PID 9604 (C:\Users\Administrator\Desktop\tanjie\git\springboot-vertificationcode\target\classes started by Administrator in C:\Users\Administrator\Desktop\tanjie\git\springboot-vertificationcode) 
[INFO ] 2017-08-11 19:52:11,192 --main-- [com.dtyunxi.dtplatform.Application] No active profile set, falling back to default profiles: default 
[INFO ] 2017-08-11 19:52:11,262 --main-- [org.springframework.boot.context.embedded.AnnotationConfigEmbeddedWebApplicationContext] Refreshing org.springframework.boot.context.embedded.AnnotationConfigEmbeddedWebApplicationContext@2cb4893b: startup date [Fri Aug 11 19:52:11 CST 2017]; root of context hierarchy 
[INFO ] 2017-08-11 19:52:11,729 --background-preinit-- [org.hibernate.validator.internal.util.Version] HV000001: Hibernate Validator 5.3.5.Final 
[INFO ] 2017-08-11 19:52:12,170 --main-- [org.springframework.beans.factory.xml.XmlBeanDefinitionReader] Loading XML bean definitions from class path resource [spring/spring-captcha.xml] 
[WARN ] 2017-08-11 19:52:12,483 --main-- [org.mybatis.spring.mapper.ClassPathMapperScanner] No MyBatis mapper was found in '[com.dtyunxi.dtplatform]' package. Please check your configuration. 
[WARN ] 2017-08-11 19:52:12,548 --main-- [org.springframework.context.annotation.ConfigurationClassPostProcessor] Cannot enhance @Configuration bean definition 'myBatisMapperScannerConfig' since its singleton instance has been created too early. The typical cause is a non-static @Bean method with a BeanDefinitionRegistryPostProcessor return type: Consider declaring such methods as 'static'. 
[ERROR] 2017-08-11 19:52:13,104 --main-- [com.alibaba.druid.pool.DruidAbstractDataSource] maxIdle is deprecated 
[INFO ] 2017-08-11 19:52:13,918 --main-- [org.springframework.boot.context.embedded.tomcat.TomcatEmbeddedServletContainer] Tomcat initialized with port(s): 8080 (http) 
[INFO ] 2017-08-11 19:52:13,935 --main-- [org.apache.catalina.core.StandardService] Starting service [Tomcat] 
[INFO ] 2017-08-11 19:52:13,937 --main-- [org.apache.catalina.core.StandardEngine] Starting Servlet Engine: Apache Tomcat/8.5.15 
[INFO ] 2017-08-11 19:52:14,110 --localhost-startStop-1-- [org.apache.catalina.core.ContainerBase.[Tomcat].[localhost].[/]] Initializing Spring embedded WebApplicationContext 
[INFO ] 2017-08-11 19:52:14,110 --localhost-startStop-1-- [org.springframework.web.context.ContextLoader] Root WebApplicationContext: initialization completed in 2848 ms 
[INFO ] 2017-08-11 19:52:14,336 --localhost-startStop-1-- [org.springframework.boot.web.servlet.ServletRegistrationBean] Mapping servlet: 'dispatcherServlet' to [/] 
[INFO ] 2017-08-11 19:52:14,343 --localhost-startStop-1-- [org.springframework.boot.web.servlet.FilterRegistrationBean] Mapping filter: 'characterEncodingFilter' to: [/*] 
[INFO ] 2017-08-11 19:52:14,344 --localhost-startStop-1-- [org.springframework.boot.web.servlet.FilterRegistrationBean] Mapping filter: 'hiddenHttpMethodFilter' to: [/*] 
[INFO ] 2017-08-11 19:52:14,344 --localhost-startStop-1-- [org.springframework.boot.web.servlet.FilterRegistrationBean] Mapping filter: 'httpPutFormContentFilter' to: [/*] 
[INFO ] 2017-08-11 19:52:14,344 --localhost-startStop-1-- [org.springframework.boot.web.servlet.FilterRegistrationBean] Mapping filter: 'requestContextFilter' to: [/*] 
[INFO ] 2017-08-11 19:52:15,532 --main-- [org.springframework.web.servlet.mvc.method.annotation.RequestMappingHandlerAdapter] Looking for @ControllerAdvice: org.springframework.boot.context.embedded.AnnotationConfigEmbeddedWebApplicationContext@2cb4893b: startup date [Fri Aug 11 19:52:11 CST 2017]; root of context hierarchy 
[INFO ] 2017-08-11 19:52:15,653 --main-- [org.springframework.web.servlet.mvc.method.annotation.RequestMappingHandlerMapping] Mapped "{[/captcha]}" onto public void com.dtyunxi.dtplatform.rest.JcaptchaImageCreater.handleRequest(javax.servlet.http.HttpServletRequest,javax.servlet.http.HttpServletResponse) 
[INFO ] 2017-08-11 19:52:15,658 --main-- [org.springframework.web.servlet.mvc.method.annotation.RequestMappingHandlerMapping] Mapped "{[/api/v1/user/personal]}" onto public org.springframework.web.servlet.ModelAndView com.dtyunxi.dtplatform.rest.LoginController.index(java.lang.String,java.lang.String) throws java.lang.Exception 
[INFO ] 2017-08-11 19:52:15,659 --main-- [org.springframework.web.servlet.mvc.method.annotation.RequestMappingHandlerMapping] Mapped "{[/api/v1/user/checkEmail]}" onto public int com.dtyunxi.dtplatform.rest.LoginController.checkEmail(java.lang.String) throws java.lang.Exception 
[INFO ] 2017-08-11 19:52:15,659 --main-- [org.springframework.web.servlet.mvc.method.annotation.RequestMappingHandlerMapping] Mapped "{[/api/v1/user/checkUser]}" onto public int com.dtyunxi.dtplatform.rest.LoginController.checkUser(java.lang.String) throws java.lang.Exception 
[INFO ] 2017-08-11 19:52:15,659 --main-- [org.springframework.web.servlet.mvc.method.annotation.RequestMappingHandlerMapping] Mapped "{[/api/v1/user/checkCaptcha]}" onto public int com.dtyunxi.dtplatform.rest.LoginController.checkCaptcha(java.lang.String,javax.servlet.http.HttpServletRequest) throws java.lang.Exception 
[INFO ] 2017-08-11 19:52:15,661 --main-- [org.springframework.web.servlet.mvc.method.annotation.RequestMappingHandlerMapping] Mapped "{[/api/v1/user/login]}" onto public com.dtyunxi.dtplatform.common.RestResponse com.dtyunxi.dtplatform.rest.LoginController.doAdd(java.lang.String,java.lang.String,java.lang.String,javax.servlet.http.HttpServletRequest) throws java.lang.Exception 
[INFO ] 2017-08-11 19:52:15,665 --main-- [org.springframework.web.servlet.mvc.method.annotation.RequestMappingHandlerMapping] Mapped "{[/error]}" onto public org.springframework.http.ResponseEntity<java.util.Map<java.lang.String, java.lang.Object>> org.springframework.boot.autoconfigure.web.BasicErrorController.error(javax.servlet.http.HttpServletRequest) 
[INFO ] 2017-08-11 19:52:15,666 --main-- [org.springframework.web.servlet.mvc.method.annotation.RequestMappingHandlerMapping] Mapped "{[/error],produces=[text/html]}" onto public org.springframework.web.servlet.ModelAndView org.springframework.boot.autoconfigure.web.BasicErrorController.errorHtml(javax.servlet.http.HttpServletRequest,javax.servlet.http.HttpServletResponse) 
[INFO ] 2017-08-11 19:52:15,724 --main-- [org.springframework.web.servlet.handler.SimpleUrlHandlerMapping] Mapped URL path [/webjars/**] onto handler of type [class org.springframework.web.servlet.resource.ResourceHttpRequestHandler] 
[INFO ] 2017-08-11 19:52:15,724 --main-- [org.springframework.web.servlet.handler.SimpleUrlHandlerMapping] Mapped URL path [/**] onto handler of type [class org.springframework.web.servlet.resource.ResourceHttpRequestHandler] 
[INFO ] 2017-08-11 19:52:15,799 --main-- [org.springframework.web.servlet.handler.SimpleUrlHandlerMapping] Mapped URL path [/**/favicon.ico] onto handler of type [class org.springframework.web.servlet.resource.ResourceHttpRequestHandler] 
[INFO ] 2017-08-11 19:52:16,521 --main-- [org.springframework.jmx.export.annotation.AnnotationMBeanExporter] Registering beans for JMX exposure on startup 
[INFO ] 2017-08-11 19:52:16,522 --main-- [org.springframework.jmx.export.annotation.AnnotationMBeanExporter] Bean with name 'dataSource' has been autodetected for JMX exposure 
[INFO ] 2017-08-11 19:52:16,523 --main-- [org.springframework.jmx.export.annotation.AnnotationMBeanExporter] Bean with name 'captchaService' has been autodetected for JMX exposure 
[INFO ] 2017-08-11 19:52:16,530 --main-- [org.springframework.jmx.export.annotation.AnnotationMBeanExporter] Located MBean 'dataSource': registering with JMX server as MBean [com.alibaba.druid.pool:name=dataSource,type=DruidDataSource] 
[INFO ] 2017-08-11 19:52:16,569 --main-- [org.apache.coyote.http11.Http11NioProtocol] Initializing ProtocolHandler ["http-nio-8080"] 
[INFO ] 2017-08-11 19:52:16,589 --main-- [org.apache.coyote.http11.Http11NioProtocol] Starting ProtocolHandler ["http-nio-8080"] 
[INFO ] 2017-08-11 19:52:16,606 --main-- [org.apache.tomcat.util.net.NioSelectorPool] Using a shared selector for servlet write/read 
[INFO ] 2017-08-11 19:52:16,651 --main-- [org.springframework.boot.context.embedded.tomcat.TomcatEmbeddedServletContainer] Tomcat started on port(s): 8080 (http) 
[INFO ] 2017-08-11 19:52:16,667 --main-- [com.dtyunxi.dtplatform.Application] Started Application in 5.821 seconds (JVM running for 6.684) 
[INFO ] 2017-08-11 19:52:25,766 --http-nio-8080-exec-1-- [org.apache.catalina.core.ContainerBase.[Tomcat].[localhost].[/]] Initializing Spring FrameworkServlet 'dispatcherServlet' 
[INFO ] 2017-08-11 19:52:25,766 --http-nio-8080-exec-1-- [org.springframework.web.servlet.DispatcherServlet] FrameworkServlet 'dispatcherServlet': initialization started 
[INFO ] 2017-08-11 19:52:25,792 --http-nio-8080-exec-1-- [org.springframework.web.servlet.DispatcherServlet] FrameworkServlet 'dispatcherServlet': initialization completed in 26 ms 
[INFO ] 2017-08-11 19:52:40,586 --main-- [com.dtyunxi.dtplatform.Application] Starting Application on DESKTOP-881OT1L with PID 13116 (C:\Users\Administrator\Desktop\tanjie\git\springboot-vertificationcode\target\classes started by Administrator in C:\Users\Administrator\Desktop\tanjie\git\springboot-vertificationcode) 
[INFO ] 2017-08-11 19:52:40,592 --main-- [com.dtyunxi.dtplatform.Application] No active profile set, falling back to default profiles: default 
[INFO ] 2017-08-11 19:52:40,660 --main-- [org.springframework.boot.context.embedded.AnnotationConfigEmbeddedWebApplicationContext] Refreshing org.springframework.boot.context.embedded.AnnotationConfigEmbeddedWebApplicationContext@45efd90f: startup date [Fri Aug 11 19:52:40 CST 2017]; root of context hierarchy 
[INFO ] 2017-08-11 19:52:41,003 --background-preinit-- [org.hibernate.validator.internal.util.Version] HV000001: Hibernate Validator 5.3.5.Final 
[INFO ] 2017-08-11 19:52:41,454 --main-- [org.springframework.beans.factory.xml.XmlBeanDefinitionReader] Loading XML bean definitions from class path resource [spring/spring-captcha.xml] 
[WARN ] 2017-08-11 19:52:41,776 --main-- [org.mybatis.spring.mapper.ClassPathMapperScanner] No MyBatis mapper was found in '[com.dtyunxi.dtplatform]' package. Please check your configuration. 
[WARN ] 2017-08-11 19:52:41,842 --main-- [org.springframework.context.annotation.ConfigurationClassPostProcessor] Cannot enhance @Configuration bean definition 'myBatisMapperScannerConfig' since its singleton instance has been created too early. The typical cause is a non-static @Bean method with a BeanDefinitionRegistryPostProcessor return type: Consider declaring such methods as 'static'. 
[ERROR] 2017-08-11 19:52:42,382 --main-- [com.alibaba.druid.pool.DruidAbstractDataSource] maxIdle is deprecated 
[INFO ] 2017-08-11 19:52:43,128 --main-- [org.springframework.boot.context.embedded.tomcat.TomcatEmbeddedServletContainer] Tomcat initialized with port(s): 8080 (http) 
[INFO ] 2017-08-11 19:52:43,144 --main-- [org.apache.catalina.core.StandardService] Starting service [Tomcat] 
[INFO ] 2017-08-11 19:52:43,145 --main-- [org.apache.catalina.core.StandardEngine] Starting Servlet Engine: Apache Tomcat/8.5.15 
[INFO ] 2017-08-11 19:52:43,300 --localhost-startStop-1-- [org.apache.catalina.core.ContainerBase.[Tomcat].[localhost].[/]] Initializing Spring embedded WebApplicationContext 
[INFO ] 2017-08-11 19:52:43,303 --localhost-startStop-1-- [org.springframework.web.context.ContextLoader] Root WebApplicationContext: initialization completed in 2643 ms 
[INFO ] 2017-08-11 19:52:43,537 --localhost-startStop-1-- [org.springframework.boot.web.servlet.ServletRegistrationBean] Mapping servlet: 'dispatcherServlet' to [/] 
[INFO ] 2017-08-11 19:52:43,543 --localhost-startStop-1-- [org.springframework.boot.web.servlet.FilterRegistrationBean] Mapping filter: 'characterEncodingFilter' to: [/*] 
[INFO ] 2017-08-11 19:52:43,544 --localhost-startStop-1-- [org.springframework.boot.web.servlet.FilterRegistrationBean] Mapping filter: 'hiddenHttpMethodFilter' to: [/*] 
[INFO ] 2017-08-11 19:52:43,544 --localhost-startStop-1-- [org.springframework.boot.web.servlet.FilterRegistrationBean] Mapping filter: 'httpPutFormContentFilter' to: [/*] 
[INFO ] 2017-08-11 19:52:43,544 --localhost-startStop-1-- [org.springframework.boot.web.servlet.FilterRegistrationBean] Mapping filter: 'requestContextFilter' to: [/*] 
[INFO ] 2017-08-11 19:52:44,606 --main-- [org.springframework.web.servlet.mvc.method.annotation.RequestMappingHandlerAdapter] Looking for @ControllerAdvice: org.springframework.boot.context.embedded.AnnotationConfigEmbeddedWebApplicationContext@45efd90f: startup date [Fri Aug 11 19:52:40 CST 2017]; root of context hierarchy 
[INFO ] 2017-08-11 19:52:44,715 --main-- [org.springframework.web.servlet.mvc.method.annotation.RequestMappingHandlerMapping] Mapped "{[/captcha]}" onto public void com.dtyunxi.dtplatform.rest.JcaptchaImageCreater.handleRequest(javax.servlet.http.HttpServletRequest,javax.servlet.http.HttpServletResponse) 
[INFO ] 2017-08-11 19:52:44,719 --main-- [org.springframework.web.servlet.mvc.method.annotation.RequestMappingHandlerMapping] Mapped "{[/api/v1/user/personal]}" onto public org.springframework.web.servlet.ModelAndView com.dtyunxi.dtplatform.rest.LoginController.index(java.lang.String,java.lang.String) throws java.lang.Exception 
[INFO ] 2017-08-11 19:52:44,719 --main-- [org.springframework.web.servlet.mvc.method.annotation.RequestMappingHandlerMapping] Mapped "{[/api/v1/user/checkUser]}" onto public int com.dtyunxi.dtplatform.rest.LoginController.checkUser(java.lang.String) throws java.lang.Exception 
[INFO ] 2017-08-11 19:52:44,720 --main-- [org.springframework.web.servlet.mvc.method.annotation.RequestMappingHandlerMapping] Mapped "{[/api/v1/user/checkCaptcha]}" onto public int com.dtyunxi.dtplatform.rest.LoginController.checkCaptcha(java.lang.String,javax.servlet.http.HttpServletRequest) throws java.lang.Exception 
[INFO ] 2017-08-11 19:52:44,720 --main-- [org.springframework.web.servlet.mvc.method.annotation.RequestMappingHandlerMapping] Mapped "{[/api/v1/user/checkEmail]}" onto public int com.dtyunxi.dtplatform.rest.LoginController.checkEmail(java.lang.String) throws java.lang.Exception 
[INFO ] 2017-08-11 19:52:44,720 --main-- [org.springframework.web.servlet.mvc.method.annotation.RequestMappingHandlerMapping] Mapped "{[/api/v1/user/login]}" onto public com.dtyunxi.dtplatform.common.RestResponse com.dtyunxi.dtplatform.rest.LoginController.doAdd(java.lang.String,java.lang.String,java.lang.String,javax.servlet.http.HttpServletRequest) throws java.lang.Exception 
[INFO ] 2017-08-11 19:52:44,723 --main-- [org.springframework.web.servlet.mvc.method.annotation.RequestMappingHandlerMapping] Mapped "{[/error]}" onto public org.springframework.http.ResponseEntity<java.util.Map<java.lang.String, java.lang.Object>> org.springframework.boot.autoconfigure.web.BasicErrorController.error(javax.servlet.http.HttpServletRequest) 
[INFO ] 2017-08-11 19:52:44,725 --main-- [org.springframework.web.servlet.mvc.method.annotation.RequestMappingHandlerMapping] Mapped "{[/error],produces=[text/html]}" onto public org.springframework.web.servlet.ModelAndView org.springframework.boot.autoconfigure.web.BasicErrorController.errorHtml(javax.servlet.http.HttpServletRequest,javax.servlet.http.HttpServletResponse) 
[INFO ] 2017-08-11 19:52:44,787 --main-- [org.springframework.web.servlet.handler.SimpleUrlHandlerMapping] Mapped URL path [/webjars/**] onto handler of type [class org.springframework.web.servlet.resource.ResourceHttpRequestHandler] 
[INFO ] 2017-08-11 19:52:44,787 --main-- [org.springframework.web.servlet.handler.SimpleUrlHandlerMapping] Mapped URL path [/**] onto handler of type [class org.springframework.web.servlet.resource.ResourceHttpRequestHandler] 
[INFO ] 2017-08-11 19:52:44,859 --main-- [org.springframework.web.servlet.handler.SimpleUrlHandlerMapping] Mapped URL path [/**/favicon.ico] onto handler of type [class org.springframework.web.servlet.resource.ResourceHttpRequestHandler] 
[INFO ] 2017-08-11 19:52:45,555 --main-- [org.springframework.jmx.export.annotation.AnnotationMBeanExporter] Registering beans for JMX exposure on startup 
[INFO ] 2017-08-11 19:52:45,557 --main-- [org.springframework.jmx.export.annotation.AnnotationMBeanExporter] Bean with name 'dataSource' has been autodetected for JMX exposure 
[INFO ] 2017-08-11 19:52:45,557 --main-- [org.springframework.jmx.export.annotation.AnnotationMBeanExporter] Bean with name 'captchaService' has been autodetected for JMX exposure 
[INFO ] 2017-08-11 19:52:45,562 --main-- [org.springframework.jmx.export.annotation.AnnotationMBeanExporter] Located MBean 'dataSource': registering with JMX server as MBean [com.alibaba.druid.pool:name=dataSource,type=DruidDataSource] 
[INFO ] 2017-08-11 19:52:45,605 --main-- [org.apache.coyote.http11.Http11NioProtocol] Initializing ProtocolHandler ["http-nio-8080"] 
[INFO ] 2017-08-11 19:52:45,626 --main-- [org.apache.coyote.http11.Http11NioProtocol] Starting ProtocolHandler ["http-nio-8080"] 
[ERROR] 2017-08-11 19:52:45,638 --main-- [org.apache.coyote.http11.Http11NioProtocol] Failed to start end point associated with ProtocolHandler ["http-nio-8080"] 
java.net.BindException: Address already in use: bind
	at sun.nio.ch.Net.bind0(Native Method)
	at sun.nio.ch.Net.bind(Net.java:433)
	at sun.nio.ch.Net.bind(Net.java:425)
	at sun.nio.ch.ServerSocketChannelImpl.bind(ServerSocketChannelImpl.java:223)
	at sun.nio.ch.ServerSocketAdaptor.bind(ServerSocketAdaptor.java:74)
	at org.apache.tomcat.util.net.NioEndpoint.bind(NioEndpoint.java:210)
	at org.apache.tomcat.util.net.AbstractEndpoint.start(AbstractEndpoint.java:978)
	at org.apache.coyote.AbstractProtocol.start(AbstractProtocol.java:628)
	at org.apache.catalina.connector.Connector.startInternal(Connector.java:1022)
	at org.apache.catalina.util.LifecycleBase.start(LifecycleBase.java:150)
	at org.apache.catalina.core.StandardService.addConnector(StandardService.java:225)
	at org.springframework.boot.context.embedded.tomcat.TomcatEmbeddedServletContainer.addPreviouslyRemovedConnectors(TomcatEmbeddedServletContainer.java:250)
	at org.springframework.boot.context.embedded.tomcat.TomcatEmbeddedServletContainer.start(TomcatEmbeddedServletContainer.java:193)
	at org.springframework.boot.context.embedded.EmbeddedWebApplicationContext.startEmbeddedServletContainer(EmbeddedWebApplicationContext.java:297)
	at org.springframework.boot.context.embedded.EmbeddedWebApplicationContext.finishRefresh(EmbeddedWebApplicationContext.java:145)
	at org.springframework.context.support.AbstractApplicationContext.refresh(AbstractApplicationContext.java:546)
	at org.springframework.boot.context.embedded.EmbeddedWebApplicationContext.refresh(EmbeddedWebApplicationContext.java:122)
	at org.springframework.boot.SpringApplication.refresh(SpringApplication.java:693)
	at org.springframework.boot.SpringApplication.refreshContext(SpringApplication.java:360)
	at org.springframework.boot.SpringApplication.run(SpringApplication.java:303)
	at org.springframework.boot.SpringApplication.run(SpringApplication.java:1118)
	at org.springframework.boot.SpringApplication.run(SpringApplication.java:1107)
	at com.dtyunxi.dtplatform.Application.main(Application.java:15)
[ERROR] 2017-08-11 19:52:45,639 --main-- [org.apache.catalina.core.StandardService] Failed to start connector [Connector[HTTP/1.1-8080]] 
org.apache.catalina.LifecycleException: Failed to start component [Connector[HTTP/1.1-8080]]
	at org.apache.catalina.util.LifecycleBase.start(LifecycleBase.java:167)
	at org.apache.catalina.core.StandardService.addConnector(StandardService.java:225)
	at org.springframework.boot.context.embedded.tomcat.TomcatEmbeddedServletContainer.addPreviouslyRemovedConnectors(TomcatEmbeddedServletContainer.java:250)
	at org.springframework.boot.context.embedded.tomcat.TomcatEmbeddedServletContainer.start(TomcatEmbeddedServletContainer.java:193)
	at org.springframework.boot.context.embedded.EmbeddedWebApplicationContext.startEmbeddedServletContainer(EmbeddedWebApplicationContext.java:297)
	at org.springframework.boot.context.embedded.EmbeddedWebApplicationContext.finishRefresh(EmbeddedWebApplicationContext.java:145)
	at org.springframework.context.support.AbstractApplicationContext.refresh(AbstractApplicationContext.java:546)
	at org.springframework.boot.context.embedded.EmbeddedWebApplicationContext.refresh(EmbeddedWebApplicationContext.java:122)
	at org.springframework.boot.SpringApplication.refresh(SpringApplication.java:693)
	at org.springframework.boot.SpringApplication.refreshContext(SpringApplication.java:360)
	at org.springframework.boot.SpringApplication.run(SpringApplication.java:303)
	at org.springframework.boot.SpringApplication.run(SpringApplication.java:1118)
	at org.springframework.boot.SpringApplication.run(SpringApplication.java:1107)
	at com.dtyunxi.dtplatform.Application.main(Application.java:15)
Caused by: org.apache.catalina.LifecycleException: service.getName(): "Tomcat";  Protocol handler start failed
	at org.apache.catalina.connector.Connector.startInternal(Connector.java:1029)
	at org.apache.catalina.util.LifecycleBase.start(LifecycleBase.java:150)
	... 13 common frames omitted
Caused by: java.net.BindException: Address already in use: bind
	at sun.nio.ch.Net.bind0(Native Method)
	at sun.nio.ch.Net.bind(Net.java:433)
	at sun.nio.ch.Net.bind(Net.java:425)
	at sun.nio.ch.ServerSocketChannelImpl.bind(ServerSocketChannelImpl.java:223)
	at sun.nio.ch.ServerSocketAdaptor.bind(ServerSocketAdaptor.java:74)
	at org.apache.tomcat.util.net.NioEndpoint.bind(NioEndpoint.java:210)
	at org.apache.tomcat.util.net.AbstractEndpoint.start(AbstractEndpoint.java:978)
	at org.apache.coyote.AbstractProtocol.start(AbstractProtocol.java:628)
	at org.apache.catalina.connector.Connector.startInternal(Connector.java:1022)
	... 14 common frames omitted
[INFO ] 2017-08-11 19:52:45,652 --main-- [org.apache.coyote.http11.Http11NioProtocol] Pausing ProtocolHandler ["http-nio-8080"] 
[INFO ] 2017-08-11 19:52:45,652 --main-- [org.apache.catalina.core.StandardService] Stopping service [Tomcat] 
[INFO ] 2017-08-11 19:52:45,691 --main-- [org.apache.catalina.util.LifecycleBase] The stop() method was called on component [StandardServer[-1]] after stop() had already been called. The second call will be ignored. 
[INFO ] 2017-08-11 19:52:45,691 --main-- [org.apache.coyote.http11.Http11NioProtocol] Stopping ProtocolHandler ["http-nio-8080"] 
[INFO ] 2017-08-11 19:52:45,692 --main-- [org.apache.coyote.http11.Http11NioProtocol] Destroying ProtocolHandler ["http-nio-8080"] 
[INFO ] 2017-08-11 19:52:45,698 --main-- [org.springframework.boot.autoconfigure.logging.AutoConfigurationReportLoggingInitializer] 

Error starting ApplicationContext. To display the auto-configuration report re-run your application with 'debug' enabled. 
[ERROR] 2017-08-11 19:52:45,704 --main-- [org.springframework.boot.diagnostics.LoggingFailureAnalysisReporter] 

***************************
APPLICATION FAILED TO START
***************************

Description:

The Tomcat connector configured to listen on port 8080 failed to start. The port may already be in use or the connector may be misconfigured.

Action:

Verify the connector's configuration, identify and stop any process that's listening on port 8080, or configure this application to listen on another port.
 
[INFO ] 2017-08-11 19:52:45,705 --main-- [org.springframework.boot.context.embedded.AnnotationConfigEmbeddedWebApplicationContext] Closing org.springframework.boot.context.embedded.AnnotationConfigEmbeddedWebApplicationContext@45efd90f: startup date [Fri Aug 11 19:52:40 CST 2017]; root of context hierarchy 
[INFO ] 2017-08-11 19:52:45,707 --main-- [org.springframework.jmx.export.annotation.AnnotationMBeanExporter] Unregistering JMX-exposed beans on shutdown 
[INFO ] 2017-08-11 19:52:45,707 --main-- [org.springframework.jmx.export.annotation.AnnotationMBeanExporter] Unregistering JMX-exposed beans 
[INFO ] 2017-08-11 19:54:31,393 --main-- [com.dtyunxi.dtplatform.Application] Starting Application on DESKTOP-881OT1L with PID 10320 (C:\Users\Administrator\Desktop\tanjie\git\springboot-vertificationcode\target\classes started by Administrator in C:\Users\Administrator\Desktop\tanjie\git\springboot-vertificationcode) 
[INFO ] 2017-08-11 19:54:31,399 --main-- [com.dtyunxi.dtplatform.Application] No active profile set, falling back to default profiles: default 
[INFO ] 2017-08-11 19:54:31,474 --main-- [org.springframework.boot.context.embedded.AnnotationConfigEmbeddedWebApplicationContext] Refreshing org.springframework.boot.context.embedded.AnnotationConfigEmbeddedWebApplicationContext@45efd90f: startup date [Fri Aug 11 19:54:31 CST 2017]; root of context hierarchy 
[INFO ] 2017-08-11 19:54:31,969 --background-preinit-- [org.hibernate.validator.internal.util.Version] HV000001: Hibernate Validator 5.3.5.Final 
[INFO ] 2017-08-11 19:54:32,377 --main-- [org.springframework.beans.factory.xml.XmlBeanDefinitionReader] Loading XML bean definitions from class path resource [spring/spring-captcha.xml] 
[WARN ] 2017-08-11 19:54:32,715 --main-- [org.mybatis.spring.mapper.ClassPathMapperScanner] No MyBatis mapper was found in '[com.dtyunxi.dtplatform]' package. Please check your configuration. 
[WARN ] 2017-08-11 19:54:32,782 --main-- [org.springframework.context.annotation.ConfigurationClassPostProcessor] Cannot enhance @Configuration bean definition 'myBatisMapperScannerConfig' since its singleton instance has been created too early. The typical cause is a non-static @Bean method with a BeanDefinitionRegistryPostProcessor return type: Consider declaring such methods as 'static'. 
[ERROR] 2017-08-11 19:54:33,367 --main-- [com.alibaba.druid.pool.DruidAbstractDataSource] maxIdle is deprecated 
[INFO ] 2017-08-11 19:54:34,239 --main-- [org.springframework.boot.context.embedded.tomcat.TomcatEmbeddedServletContainer] Tomcat initialized with port(s): 8080 (http) 
[INFO ] 2017-08-11 19:54:34,257 --main-- [org.apache.catalina.core.StandardService] Starting service [Tomcat] 
[INFO ] 2017-08-11 19:54:34,259 --main-- [org.apache.catalina.core.StandardEngine] Starting Servlet Engine: Apache Tomcat/8.5.15 
[INFO ] 2017-08-11 19:54:34,446 --localhost-startStop-1-- [org.apache.catalina.core.ContainerBase.[Tomcat].[localhost].[/]] Initializing Spring embedded WebApplicationContext 
[INFO ] 2017-08-11 19:54:34,447 --localhost-startStop-1-- [org.springframework.web.context.ContextLoader] Root WebApplicationContext: initialization completed in 2973 ms 
[INFO ] 2017-08-11 19:54:34,700 --localhost-startStop-1-- [org.springframework.boot.web.servlet.ServletRegistrationBean] Mapping servlet: 'dispatcherServlet' to [/] 
[INFO ] 2017-08-11 19:54:34,708 --localhost-startStop-1-- [org.springframework.boot.web.servlet.FilterRegistrationBean] Mapping filter: 'characterEncodingFilter' to: [/*] 
[INFO ] 2017-08-11 19:54:34,709 --localhost-startStop-1-- [org.springframework.boot.web.servlet.FilterRegistrationBean] Mapping filter: 'hiddenHttpMethodFilter' to: [/*] 
[INFO ] 2017-08-11 19:54:34,709 --localhost-startStop-1-- [org.springframework.boot.web.servlet.FilterRegistrationBean] Mapping filter: 'httpPutFormContentFilter' to: [/*] 
[INFO ] 2017-08-11 19:54:34,709 --localhost-startStop-1-- [org.springframework.boot.web.servlet.FilterRegistrationBean] Mapping filter: 'requestContextFilter' to: [/*] 
[INFO ] 2017-08-11 19:54:35,887 --main-- [org.springframework.web.servlet.mvc.method.annotation.RequestMappingHandlerAdapter] Looking for @ControllerAdvice: org.springframework.boot.context.embedded.AnnotationConfigEmbeddedWebApplicationContext@45efd90f: startup date [Fri Aug 11 19:54:31 CST 2017]; root of context hierarchy 
[INFO ] 2017-08-11 19:54:35,995 --main-- [org.springframework.web.servlet.mvc.method.annotation.RequestMappingHandlerMapping] Mapped "{[/captcha]}" onto public void com.dtyunxi.dtplatform.rest.JcaptchaImageCreater.handleRequest(javax.servlet.http.HttpServletRequest,javax.servlet.http.HttpServletResponse) 
[INFO ] 2017-08-11 19:54:35,998 --main-- [org.springframework.web.servlet.mvc.method.annotation.RequestMappingHandlerMapping] Mapped "{[/api/v1/user/personal]}" onto public org.springframework.web.servlet.ModelAndView com.dtyunxi.dtplatform.rest.LoginController.index(java.lang.String,java.lang.String) throws java.lang.Exception 
[INFO ] 2017-08-11 19:54:35,999 --main-- [org.springframework.web.servlet.mvc.method.annotation.RequestMappingHandlerMapping] Mapped "{[/api/v1/user/login]}" onto public com.dtyunxi.dtplatform.common.RestResponse com.dtyunxi.dtplatform.rest.LoginController.doAdd(java.lang.String,java.lang.String,java.lang.String,javax.servlet.http.HttpServletRequest) throws java.lang.Exception 
[INFO ] 2017-08-11 19:54:35,999 --main-- [org.springframework.web.servlet.mvc.method.annotation.RequestMappingHandlerMapping] Mapped "{[/api/v1/user/checkCaptcha]}" onto public int com.dtyunxi.dtplatform.rest.LoginController.checkCaptcha(java.lang.String,javax.servlet.http.HttpServletRequest) throws java.lang.Exception 
[INFO ] 2017-08-11 19:54:35,999 --main-- [org.springframework.web.servlet.mvc.method.annotation.RequestMappingHandlerMapping] Mapped "{[/api/v1/user/checkEmail]}" onto public int com.dtyunxi.dtplatform.rest.LoginController.checkEmail(java.lang.String) throws java.lang.Exception 
[INFO ] 2017-08-11 19:54:36,000 --main-- [org.springframework.web.servlet.mvc.method.annotation.RequestMappingHandlerMapping] Mapped "{[/api/v1/user/checkUser]}" onto public int com.dtyunxi.dtplatform.rest.LoginController.checkUser(java.lang.String) throws java.lang.Exception 
[INFO ] 2017-08-11 19:54:36,006 --main-- [org.springframework.web.servlet.mvc.method.annotation.RequestMappingHandlerMapping] Mapped "{[/error]}" onto public org.springframework.http.ResponseEntity<java.util.Map<java.lang.String, java.lang.Object>> org.springframework.boot.autoconfigure.web.BasicErrorController.error(javax.servlet.http.HttpServletRequest) 
[INFO ] 2017-08-11 19:54:36,006 --main-- [org.springframework.web.servlet.mvc.method.annotation.RequestMappingHandlerMapping] Mapped "{[/error],produces=[text/html]}" onto public org.springframework.web.servlet.ModelAndView org.springframework.boot.autoconfigure.web.BasicErrorController.errorHtml(javax.servlet.http.HttpServletRequest,javax.servlet.http.HttpServletResponse) 
[INFO ] 2017-08-11 19:54:36,076 --main-- [org.springframework.web.servlet.handler.SimpleUrlHandlerMapping] Mapped URL path [/webjars/**] onto handler of type [class org.springframework.web.servlet.resource.ResourceHttpRequestHandler] 
[INFO ] 2017-08-11 19:54:36,076 --main-- [org.springframework.web.servlet.handler.SimpleUrlHandlerMapping] Mapped URL path [/**] onto handler of type [class org.springframework.web.servlet.resource.ResourceHttpRequestHandler] 
[INFO ] 2017-08-11 19:54:36,150 --main-- [org.springframework.web.servlet.handler.SimpleUrlHandlerMapping] Mapped URL path [/**/favicon.ico] onto handler of type [class org.springframework.web.servlet.resource.ResourceHttpRequestHandler] 
[INFO ] 2017-08-11 19:54:37,017 --main-- [org.springframework.jmx.export.annotation.AnnotationMBeanExporter] Registering beans for JMX exposure on startup 
[INFO ] 2017-08-11 19:54:37,019 --main-- [org.springframework.jmx.export.annotation.AnnotationMBeanExporter] Bean with name 'dataSource' has been autodetected for JMX exposure 
[INFO ] 2017-08-11 19:54:37,020 --main-- [org.springframework.jmx.export.annotation.AnnotationMBeanExporter] Bean with name 'captchaService' has been autodetected for JMX exposure 
[INFO ] 2017-08-11 19:54:37,025 --main-- [org.springframework.jmx.export.annotation.AnnotationMBeanExporter] Located MBean 'dataSource': registering with JMX server as MBean [com.alibaba.druid.pool:name=dataSource,type=DruidDataSource] 
[INFO ] 2017-08-11 19:54:37,069 --main-- [org.apache.coyote.http11.Http11NioProtocol] Initializing ProtocolHandler ["http-nio-8080"] 
[INFO ] 2017-08-11 19:54:37,090 --main-- [org.apache.coyote.http11.Http11NioProtocol] Starting ProtocolHandler ["http-nio-8080"] 
[INFO ] 2017-08-11 19:54:37,108 --main-- [org.apache.tomcat.util.net.NioSelectorPool] Using a shared selector for servlet write/read 
[INFO ] 2017-08-11 19:54:37,207 --main-- [org.springframework.boot.context.embedded.tomcat.TomcatEmbeddedServletContainer] Tomcat started on port(s): 8080 (http) 
[INFO ] 2017-08-11 19:54:37,215 --main-- [com.dtyunxi.dtplatform.Application] Started Application in 6.18 seconds (JVM running for 6.933) 
[INFO ] 2017-08-11 19:54:45,070 --http-nio-8080-exec-1-- [org.apache.catalina.core.ContainerBase.[Tomcat].[localhost].[/]] Initializing Spring FrameworkServlet 'dispatcherServlet' 
[INFO ] 2017-08-11 19:54:45,070 --http-nio-8080-exec-1-- [org.springframework.web.servlet.DispatcherServlet] FrameworkServlet 'dispatcherServlet': initialization started 
[INFO ] 2017-08-11 19:54:45,097 --http-nio-8080-exec-1-- [org.springframework.web.servlet.DispatcherServlet] FrameworkServlet 'dispatcherServlet': initialization completed in 27 ms 
[ERROR] 2017-08-11 19:54:53,190 --http-nio-8080-exec-1-- [org.apache.catalina.core.ContainerBase.[Tomcat].[localhost].[/].[dispatcherServlet]] Servlet.service() for servlet [dispatcherServlet] in context with path [] threw exception [Request processing failed; nested exception is com.octo.captcha.service.CaptchaServiceException: Invalid ID, could not validate unexisting or already validated captcha] with root cause 
com.octo.captcha.service.CaptchaServiceException: Invalid ID, could not validate unexisting or already validated captcha
	at com.dtyunxi.dtplatform.service.impl.CustomGenericManageableCaptchaService.validateResponseForID(CustomGenericManageableCaptchaService.java:45)
	at com.dtyunxi.dtplatform.rest.LoginController.doAdd(LoginController.java:30)
	at sun.reflect.NativeMethodAccessorImpl.invoke0(Native Method)
	at sun.reflect.NativeMethodAccessorImpl.invoke(NativeMethodAccessorImpl.java:62)
	at sun.reflect.DelegatingMethodAccessorImpl.invoke(DelegatingMethodAccessorImpl.java:43)
	at java.lang.reflect.Method.invoke(Method.java:498)
	at org.springframework.web.method.support.InvocableHandlerMethod.doInvoke(InvocableHandlerMethod.java:205)
	at org.springframework.web.method.support.InvocableHandlerMethod.invokeForRequest(InvocableHandlerMethod.java:133)
	at org.springframework.web.servlet.mvc.method.annotation.ServletInvocableHandlerMethod.invokeAndHandle(ServletInvocableHandlerMethod.java:97)
	at org.springframework.web.servlet.mvc.method.annotation.RequestMappingHandlerAdapter.invokeHandlerMethod(RequestMappingHandlerAdapter.java:827)
	at org.springframework.web.servlet.mvc.method.annotation.RequestMappingHandlerAdapter.handleInternal(RequestMappingHandlerAdapter.java:738)
	at org.springframework.web.servlet.mvc.method.AbstractHandlerMethodAdapter.handle(AbstractHandlerMethodAdapter.java:85)
	at org.springframework.web.servlet.DispatcherServlet.doDispatch(DispatcherServlet.java:967)
	at org.springframework.web.servlet.DispatcherServlet.doService(DispatcherServlet.java:901)
	at org.springframework.web.servlet.FrameworkServlet.processRequest(FrameworkServlet.java:970)
	at org.springframework.web.servlet.FrameworkServlet.doGet(FrameworkServlet.java:861)
	at javax.servlet.http.HttpServlet.service(HttpServlet.java:635)
	at org.springframework.web.servlet.FrameworkServlet.service(FrameworkServlet.java:846)
	at javax.servlet.http.HttpServlet.service(HttpServlet.java:742)
	at org.apache.catalina.core.ApplicationFilterChain.internalDoFilter(ApplicationFilterChain.java:231)
	at org.apache.catalina.core.ApplicationFilterChain.doFilter(ApplicationFilterChain.java:166)
	at org.apache.tomcat.websocket.server.WsFilter.doFilter(WsFilter.java:52)
	at org.apache.catalina.core.ApplicationFilterChain.internalDoFilter(ApplicationFilterChain.java:193)
	at org.apache.catalina.core.ApplicationFilterChain.doFilter(ApplicationFilterChain.java:166)
	at org.springframework.web.filter.RequestContextFilter.doFilterInternal(RequestContextFilter.java:99)
	at org.springframework.web.filter.OncePerRequestFilter.doFilter(OncePerRequestFilter.java:107)
	at org.apache.catalina.core.ApplicationFilterChain.internalDoFilter(ApplicationFilterChain.java:193)
	at org.apache.catalina.core.ApplicationFilterChain.doFilter(ApplicationFilterChain.java:166)
	at org.springframework.web.filter.HttpPutFormContentFilter.doFilterInternal(HttpPutFormContentFilter.java:105)
	at org.springframework.web.filter.OncePerRequestFilter.doFilter(OncePerRequestFilter.java:107)
	at org.apache.catalina.core.ApplicationFilterChain.internalDoFilter(ApplicationFilterChain.java:193)
	at org.apache.catalina.core.ApplicationFilterChain.doFilter(ApplicationFilterChain.java:166)
	at org.springframework.web.filter.HiddenHttpMethodFilter.doFilterInternal(HiddenHttpMethodFilter.java:81)
	at org.springframework.web.filter.OncePerRequestFilter.doFilter(OncePerRequestFilter.java:107)
	at org.apache.catalina.core.ApplicationFilterChain.internalDoFilter(ApplicationFilterChain.java:193)
	at org.apache.catalina.core.ApplicationFilterChain.doFilter(ApplicationFilterChain.java:166)
	at org.springframework.web.filter.CharacterEncodingFilter.doFilterInternal(CharacterEncodingFilter.java:197)
	at org.springframework.web.filter.OncePerRequestFilter.doFilter(OncePerRequestFilter.java:107)
	at org.apache.catalina.core.ApplicationFilterChain.internalDoFilter(ApplicationFilterChain.java:193)
	at org.apache.catalina.core.ApplicationFilterChain.doFilter(ApplicationFilterChain.java:166)
	at org.apache.catalina.core.StandardWrapperValve.invoke(StandardWrapperValve.java:198)
	at org.apache.catalina.core.StandardContextValve.invoke(StandardContextValve.java:96)
	at org.apache.catalina.authenticator.AuthenticatorBase.invoke(AuthenticatorBase.java:478)
	at org.apache.catalina.core.StandardHostValve.invoke(StandardHostValve.java:140)
	at org.apache.catalina.valves.ErrorReportValve.invoke(ErrorReportValve.java:80)
	at org.apache.catalina.core.StandardEngineValve.invoke(StandardEngineValve.java:87)
	at org.apache.catalina.connector.CoyoteAdapter.service(CoyoteAdapter.java:342)
	at org.apache.coyote.http11.Http11Processor.service(Http11Processor.java:799)
	at org.apache.coyote.AbstractProcessorLight.process(AbstractProcessorLight.java:66)
	at org.apache.coyote.AbstractProtocol$ConnectionHandler.process(AbstractProtocol.java:861)
	at org.apache.tomcat.util.net.NioEndpoint$SocketProcessor.doRun(NioEndpoint.java:1455)
	at org.apache.tomcat.util.net.SocketProcessorBase.run(SocketProcessorBase.java:49)
	at java.util.concurrent.ThreadPoolExecutor.runWorker(ThreadPoolExecutor.java:1142)
	at java.util.concurrent.ThreadPoolExecutor$Worker.run(ThreadPoolExecutor.java:617)
	at org.apache.tomcat.util.threads.TaskThread$WrappingRunnable.run(TaskThread.java:61)
	at java.lang.Thread.run(Thread.java:745)
[INFO ] 2017-08-11 19:56:56,391 --main-- [com.dtyunxi.dtplatform.Application] Starting Application on DESKTOP-881OT1L with PID 6408 (C:\Users\Administrator\Desktop\tanjie\git\springboot-vertificationcode\target\classes started by Administrator in C:\Users\Administrator\Desktop\tanjie\git\springboot-vertificationcode) 
[INFO ] 2017-08-11 19:56:56,397 --main-- [com.dtyunxi.dtplatform.Application] No active profile set, falling back to default profiles: default 
[INFO ] 2017-08-11 19:56:56,467 --main-- [org.springframework.boot.context.embedded.AnnotationConfigEmbeddedWebApplicationContext] Refreshing org.springframework.boot.context.embedded.AnnotationConfigEmbeddedWebApplicationContext@2cb4893b: startup date [Fri Aug 11 19:56:56 CST 2017]; root of context hierarchy 
[INFO ] 2017-08-11 19:56:56,957 --background-preinit-- [org.hibernate.validator.internal.util.Version] HV000001: Hibernate Validator 5.3.5.Final 
[INFO ] 2017-08-11 19:56:57,293 --main-- [org.springframework.beans.factory.xml.XmlBeanDefinitionReader] Loading XML bean definitions from class path resource [spring/spring-captcha.xml] 
[WARN ] 2017-08-11 19:56:57,635 --main-- [org.mybatis.spring.mapper.ClassPathMapperScanner] No MyBatis mapper was found in '[com.dtyunxi.dtplatform]' package. Please check your configuration. 
[WARN ] 2017-08-11 19:56:57,703 --main-- [org.springframework.context.annotation.ConfigurationClassPostProcessor] Cannot enhance @Configuration bean definition 'myBatisMapperScannerConfig' since its singleton instance has been created too early. The typical cause is a non-static @Bean method with a BeanDefinitionRegistryPostProcessor return type: Consider declaring such methods as 'static'. 
[ERROR] 2017-08-11 19:56:58,286 --main-- [com.alibaba.druid.pool.DruidAbstractDataSource] maxIdle is deprecated 
[INFO ] 2017-08-11 19:56:59,031 --main-- [org.springframework.boot.context.embedded.tomcat.TomcatEmbeddedServletContainer] Tomcat initialized with port(s): 8080 (http) 
[INFO ] 2017-08-11 19:56:59,050 --main-- [org.apache.catalina.core.StandardService] Starting service [Tomcat] 
[INFO ] 2017-08-11 19:56:59,052 --main-- [org.apache.catalina.core.StandardEngine] Starting Servlet Engine: Apache Tomcat/8.5.15 
[INFO ] 2017-08-11 19:56:59,207 --localhost-startStop-1-- [org.apache.catalina.core.ContainerBase.[Tomcat].[localhost].[/]] Initializing Spring embedded WebApplicationContext 
[INFO ] 2017-08-11 19:56:59,207 --localhost-startStop-1-- [org.springframework.web.context.ContextLoader] Root WebApplicationContext: initialization completed in 2740 ms 
[INFO ] 2017-08-11 19:56:59,424 --localhost-startStop-1-- [org.springframework.boot.web.servlet.ServletRegistrationBean] Mapping servlet: 'dispatcherServlet' to [/] 
[INFO ] 2017-08-11 19:56:59,430 --localhost-startStop-1-- [org.springframework.boot.web.servlet.FilterRegistrationBean] Mapping filter: 'characterEncodingFilter' to: [/*] 
[INFO ] 2017-08-11 19:56:59,431 --localhost-startStop-1-- [org.springframework.boot.web.servlet.FilterRegistrationBean] Mapping filter: 'hiddenHttpMethodFilter' to: [/*] 
[INFO ] 2017-08-11 19:56:59,431 --localhost-startStop-1-- [org.springframework.boot.web.servlet.FilterRegistrationBean] Mapping filter: 'httpPutFormContentFilter' to: [/*] 
[INFO ] 2017-08-11 19:56:59,431 --localhost-startStop-1-- [org.springframework.boot.web.servlet.FilterRegistrationBean] Mapping filter: 'requestContextFilter' to: [/*] 
[INFO ] 2017-08-11 19:57:00,550 --main-- [org.springframework.web.servlet.mvc.method.annotation.RequestMappingHandlerAdapter] Looking for @ControllerAdvice: org.springframework.boot.context.embedded.AnnotationConfigEmbeddedWebApplicationContext@2cb4893b: startup date [Fri Aug 11 19:56:56 CST 2017]; root of context hierarchy 
[INFO ] 2017-08-11 19:57:00,661 --main-- [org.springframework.web.servlet.mvc.method.annotation.RequestMappingHandlerMapping] Mapped "{[/captcha]}" onto public void com.dtyunxi.dtplatform.rest.JcaptchaImageCreater.handleRequest(javax.servlet.http.HttpServletRequest,javax.servlet.http.HttpServletResponse) 
[INFO ] 2017-08-11 19:57:00,664 --main-- [org.springframework.web.servlet.mvc.method.annotation.RequestMappingHandlerMapping] Mapped "{[/api/v1/user/personal]}" onto public org.springframework.web.servlet.ModelAndView com.dtyunxi.dtplatform.rest.LoginController.index(java.lang.String,java.lang.String) throws java.lang.Exception 
[INFO ] 2017-08-11 19:57:00,665 --main-- [org.springframework.web.servlet.mvc.method.annotation.RequestMappingHandlerMapping] Mapped "{[/api/v1/user/checkEmail]}" onto public int com.dtyunxi.dtplatform.rest.LoginController.checkEmail(java.lang.String) throws java.lang.Exception 
[INFO ] 2017-08-11 19:57:00,665 --main-- [org.springframework.web.servlet.mvc.method.annotation.RequestMappingHandlerMapping] Mapped "{[/api/v1/user/login]}" onto public com.dtyunxi.dtplatform.common.RestResponse com.dtyunxi.dtplatform.rest.LoginController.doAdd(java.lang.String,java.lang.String,java.lang.String,javax.servlet.http.HttpServletRequest) throws java.lang.Exception 
[INFO ] 2017-08-11 19:57:00,665 --main-- [org.springframework.web.servlet.mvc.method.annotation.RequestMappingHandlerMapping] Mapped "{[/api/v1/user/checkCaptcha]}" onto public int com.dtyunxi.dtplatform.rest.LoginController.checkCaptcha(java.lang.String,javax.servlet.http.HttpServletRequest) throws java.lang.Exception 
[INFO ] 2017-08-11 19:57:00,666 --main-- [org.springframework.web.servlet.mvc.method.annotation.RequestMappingHandlerMapping] Mapped "{[/api/v1/user/checkUser]}" onto public int com.dtyunxi.dtplatform.rest.LoginController.checkUser(java.lang.String) throws java.lang.Exception 
[INFO ] 2017-08-11 19:57:00,669 --main-- [org.springframework.web.servlet.mvc.method.annotation.RequestMappingHandlerMapping] Mapped "{[/error]}" onto public org.springframework.http.ResponseEntity<java.util.Map<java.lang.String, java.lang.Object>> org.springframework.boot.autoconfigure.web.BasicErrorController.error(javax.servlet.http.HttpServletRequest) 
[INFO ] 2017-08-11 19:57:00,669 --main-- [org.springframework.web.servlet.mvc.method.annotation.RequestMappingHandlerMapping] Mapped "{[/error],produces=[text/html]}" onto public org.springframework.web.servlet.ModelAndView org.springframework.boot.autoconfigure.web.BasicErrorController.errorHtml(javax.servlet.http.HttpServletRequest,javax.servlet.http.HttpServletResponse) 
[INFO ] 2017-08-11 19:57:00,723 --main-- [org.springframework.web.servlet.handler.SimpleUrlHandlerMapping] Mapped URL path [/webjars/**] onto handler of type [class org.springframework.web.servlet.resource.ResourceHttpRequestHandler] 
[INFO ] 2017-08-11 19:57:00,724 --main-- [org.springframework.web.servlet.handler.SimpleUrlHandlerMapping] Mapped URL path [/**] onto handler of type [class org.springframework.web.servlet.resource.ResourceHttpRequestHandler] 
[INFO ] 2017-08-11 19:57:00,792 --main-- [org.springframework.web.servlet.handler.SimpleUrlHandlerMapping] Mapped URL path [/**/favicon.ico] onto handler of type [class org.springframework.web.servlet.resource.ResourceHttpRequestHandler] 
[INFO ] 2017-08-11 19:57:01,476 --main-- [org.springframework.jmx.export.annotation.AnnotationMBeanExporter] Registering beans for JMX exposure on startup 
[INFO ] 2017-08-11 19:57:01,477 --main-- [org.springframework.jmx.export.annotation.AnnotationMBeanExporter] Bean with name 'dataSource' has been autodetected for JMX exposure 
[INFO ] 2017-08-11 19:57:01,478 --main-- [org.springframework.jmx.export.annotation.AnnotationMBeanExporter] Bean with name 'captchaService' has been autodetected for JMX exposure 
[INFO ] 2017-08-11 19:57:01,484 --main-- [org.springframework.jmx.export.annotation.AnnotationMBeanExporter] Located MBean 'dataSource': registering with JMX server as MBean [com.alibaba.druid.pool:name=dataSource,type=DruidDataSource] 
[INFO ] 2017-08-11 19:57:01,524 --main-- [org.apache.coyote.http11.Http11NioProtocol] Initializing ProtocolHandler ["http-nio-8080"] 
[INFO ] 2017-08-11 19:57:01,546 --main-- [org.apache.coyote.http11.Http11NioProtocol] Starting ProtocolHandler ["http-nio-8080"] 
[INFO ] 2017-08-11 19:57:01,562 --main-- [org.apache.tomcat.util.net.NioSelectorPool] Using a shared selector for servlet write/read 
[INFO ] 2017-08-11 19:57:01,590 --main-- [org.springframework.boot.context.embedded.tomcat.TomcatEmbeddedServletContainer] Tomcat started on port(s): 8080 (http) 
[INFO ] 2017-08-11 19:57:01,643 --main-- [com.dtyunxi.dtplatform.Application] Started Application in 5.6 seconds (JVM running for 6.341) 
[INFO ] 2017-08-11 19:57:24,296 --http-nio-8080-exec-1-- [org.apache.catalina.core.ContainerBase.[Tomcat].[localhost].[/]] Initializing Spring FrameworkServlet 'dispatcherServlet' 
[INFO ] 2017-08-11 19:57:24,296 --http-nio-8080-exec-1-- [org.springframework.web.servlet.DispatcherServlet] FrameworkServlet 'dispatcherServlet': initialization started 
[INFO ] 2017-08-11 19:57:24,322 --http-nio-8080-exec-1-- [org.springframework.web.servlet.DispatcherServlet] FrameworkServlet 'dispatcherServlet': initialization completed in 26 ms 
